2018-05-13 22:08:04 - PHP Notice:  Undefined index: title in /var/www/www-root/data/www/eco-u.ru/catalog/controller/ajax/index.php on line 788
2018-05-13 22:08:04 - PHP Notice:  Undefined index: title in /var/www/www-root/data/www/eco-u.ru/catalog/controller/ajax/index.php on line 788
2018-05-13 22:08:04 - PHP Notice:  Undefined index: title in /var/www/www-root/data/www/eco-u.ru/catalog/controller/ajax/index.php on line 788
2018-05-13 22:08:08 - PHP Notice:  Undefined property: stdClass::$mkad in /var/www/www-root/data/www/eco-u.ru/catalog/controller/ajax/index.php on line 1000
2018-05-13 22:08:12 - PHP Notice:  Undefined variable: store_url in /var/www/www-root/data/www/eco-u.ru/system/storage/modification/admin/view/template/sale/order_list.tpl on line 269
2018-05-13 22:08:12 - PHP Notice:  Undefined variable: prefix in /var/www/www-root/data/www/eco-u.ru/system/storage/modification/admin/view/template/sale/order_list.tpl on line 269
2018-05-13 22:08:12 - PHP Notice:  Undefined variable: store_url in /var/www/www-root/data/www/eco-u.ru/system/storage/modification/admin/view/template/sale/order_list.tpl on line 287
2018-05-13 22:08:12 - PHP Notice:  Undefined variable: api_key in /var/www/www-root/data/www/eco-u.ru/system/storage/modification/admin/view/template/sale/order_list.tpl on line 289
2018-05-13 22:08:12 - PHP Notice:  Undefined variable: store_url in /var/www/www-root/data/www/eco-u.ru/system/storage/modification/admin/view/template/sale/order_list.tpl on line 304
2018-05-13 22:16:31 - PHP Notice:  Undefined index: token in /var/www/www-root/data/www/eco-u.ru/catalog/model/catalog/product.php on line 530
2018-05-13 22:16:31 - PHP Notice:  Undefined index: token in /var/www/www-root/data/www/eco-u.ru/catalog/model/catalog/product.php on line 530
2018-05-13 22:16:31 - PHP Notice:  Undefined index: token in /var/www/www-root/data/www/eco-u.ru/catalog/model/catalog/product.php on line 530
2018-05-13 22:16:31 - PHP Notice:  Undefined index: token in /var/www/www-root/data/www/eco-u.ru/catalog/model/catalog/product.php on line 530
2018-05-13 22:16:31 - PHP Notice:  Undefined index: token in /var/www/www-root/data/www/eco-u.ru/catalog/model/catalog/product.php on line 530
2018-05-13 22:16:31 - PHP Notice:  Undefined index: token in /var/www/www-root/data/www/eco-u.ru/catalog/model/catalog/product.php on line 530
2018-05-13 22:16:31 - PHP Notice:  Undefined index: token in /var/www/www-root/data/www/eco-u.ru/catalog/model/catalog/product.php on line 530
2018-05-13 22:16:31 - PHP Notice:  Undefined index: token in /var/www/www-root/data/www/eco-u.ru/catalog/model/catalog/product.php on line 530
2018-05-13 22:16:31 - PHP Notice:  Undefined index: token in /var/www/www-root/data/www/eco-u.ru/catalog/model/catalog/product.php on line 530
2018-05-13 22:16:31 - PHP Notice:  Undefined index: token in /var/www/www-root/data/www/eco-u.ru/catalog/model/catalog/product.php on line 530
2018-05-13 22:16:31 - PHP Notice:  Undefined index: token in /var/www/www-root/data/www/eco-u.ru/catalog/model/catalog/product.php on line 530
2018-05-13 22:16:31 - PHP Notice:  Undefined index: token in /var/www/www-root/data/www/eco-u.ru/catalog/model/catalog/product.php on line 530
2018-05-13 22:16:31 - PHP Notice:  Undefined index: token in /var/www/www-root/data/www/eco-u.ru/catalog/model/catalog/product.php on line 530
2018-05-13 22:16:31 - PHP Notice:  Undefined index: token in /var/www/www-root/data/www/eco-u.ru/catalog/model/catalog/product.php on line 530
2018-05-13 22:16:31 - PHP Notice:  Undefined index: token in /var/www/www-root/data/www/eco-u.ru/catalog/model/catalog/product.php on line 530
2018-05-13 22:16:31 - PHP Notice:  Undefined index: token in /var/www/www-root/data/www/eco-u.ru/catalog/model/catalog/product.php on line 530
2018-05-13 22:16:31 - PHP Notice:  Undefined index: token in /var/www/www-root/data/www/eco-u.ru/catalog/model/catalog/product.php on line 530
2018-05-13 22:16:31 - PHP Notice:  Undefined index: token in /var/www/www-root/data/www/eco-u.ru/catalog/model/catalog/product.php on line 530
2018-05-13 22:16:31 - PHP Notice:  Undefined index: token in /var/www/www-root/data/www/eco-u.ru/catalog/model/catalog/product.php on line 530
2018-05-13 22:16:31 - PHP Notice:  Undefined index: token in /var/www/www-root/data/www/eco-u.ru/catalog/model/catalog/product.php on line 530
2018-05-13 22:16:31 - PHP Notice:  Undefined index: token in /var/www/www-root/data/www/eco-u.ru/catalog/model/catalog/product.php on line 530
2018-05-13 22:16:31 - PHP Notice:  Undefined index: token in /var/www/www-root/data/www/eco-u.ru/catalog/model/catalog/product.php on line 530
2018-05-13 22:16:42 - PHP Notice:  Undefined variable: header in /var/www/www-root/data/www/eco-u.ru/catalog/view/theme/default/template/error/not_found.tpl on line 1
2018-05-13 22:16:42 - PHP Notice:  Undefined variable: breadcrumbs in /var/www/www-root/data/www/eco-u.ru/catalog/view/theme/default/template/error/not_found.tpl on line 5
2018-05-13 22:16:42 - PHP Warning:  Invalid argument supplied for foreach() in /var/www/www-root/data/www/eco-u.ru/catalog/view/theme/default/template/error/not_found.tpl on line 5
2018-05-13 22:16:42 - PHP Notice:  Undefined variable: column_left in /var/www/www-root/data/www/eco-u.ru/catalog/view/theme/default/template/error/not_found.tpl on line 9
2018-05-13 22:16:42 - PHP Notice:  Undefined variable: column_left in /var/www/www-root/data/www/eco-u.ru/catalog/view/theme/default/template/error/not_found.tpl on line 10
2018-05-13 22:16:42 - PHP Notice:  Undefined variable: column_left in /var/www/www-root/data/www/eco-u.ru/catalog/view/theme/default/template/error/not_found.tpl on line 12
2018-05-13 22:16:42 - PHP Notice:  Undefined variable: column_right in /var/www/www-root/data/www/eco-u.ru/catalog/view/theme/default/template/error/not_found.tpl on line 12
2018-05-13 22:16:42 - PHP Notice:  Undefined variable: content_top in /var/www/www-root/data/www/eco-u.ru/catalog/view/theme/default/template/error/not_found.tpl on line 17
2018-05-13 22:16:42 - PHP Notice:  Undefined variable: heading_title in /var/www/www-root/data/www/eco-u.ru/catalog/view/theme/default/template/error/not_found.tpl on line 18
2018-05-13 22:16:42 - PHP Notice:  Undefined variable: text_error in /var/www/www-root/data/www/eco-u.ru/catalog/view/theme/default/template/error/not_found.tpl on line 19
2018-05-13 22:16:42 - PHP Notice:  Undefined variable: continue in /var/www/www-root/data/www/eco-u.ru/catalog/view/theme/default/template/error/not_found.tpl on line 21
2018-05-13 22:16:42 - PHP Notice:  Undefined variable: button_continue in /var/www/www-root/data/www/eco-u.ru/catalog/view/theme/default/template/error/not_found.tpl on line 21
2018-05-13 22:16:42 - PHP Notice:  Undefined variable: content_bottom in /var/www/www-root/data/www/eco-u.ru/catalog/view/theme/default/template/error/not_found.tpl on line 23
2018-05-13 22:16:42 - PHP Notice:  Undefined variable: column_right in /var/www/www-root/data/www/eco-u.ru/catalog/view/theme/default/template/error/not_found.tpl on line 24
2018-05-13 22:16:42 - PHP Notice:  Undefined variable: footer in /var/www/www-root/data/www/eco-u.ru/catalog/view/theme/default/template/error/not_found.tpl on line 27
2018-05-13 22:28:50 - PHP Notice:  Undefined variable: header in /var/www/www-root/data/www/eco-u.ru/catalog/view/theme/default/template/error/not_found.tpl on line 1
2018-05-13 22:28:50 - PHP Notice:  Undefined variable: breadcrumbs in /var/www/www-root/data/www/eco-u.ru/catalog/view/theme/default/template/error/not_found.tpl on line 5
2018-05-13 22:28:50 - PHP Warning:  Invalid argument supplied for foreach() in /var/www/www-root/data/www/eco-u.ru/catalog/view/theme/default/template/error/not_found.tpl on line 5
2018-05-13 22:28:50 - PHP Notice:  Undefined variable: column_left in /var/www/www-root/data/www/eco-u.ru/catalog/view/theme/default/template/error/not_found.tpl on line 9
2018-05-13 22:28:50 - PHP Notice:  Undefined variable: column_left in /var/www/www-root/data/www/eco-u.ru/catalog/view/theme/default/template/error/not_found.tpl on line 10
2018-05-13 22:28:50 - PHP Notice:  Undefined variable: column_left in /var/www/www-root/data/www/eco-u.ru/catalog/view/theme/default/template/error/not_found.tpl on line 12
2018-05-13 22:28:50 - PHP Notice:  Undefined variable: column_right in /var/www/www-root/data/www/eco-u.ru/catalog/view/theme/default/template/error/not_found.tpl on line 12
2018-05-13 22:28:50 - PHP Notice:  Undefined variable: content_top in /var/www/www-root/data/www/eco-u.ru/catalog/view/theme/default/template/error/not_found.tpl on line 17
2018-05-13 22:28:50 - PHP Notice:  Undefined variable: heading_title in /var/www/www-root/data/www/eco-u.ru/catalog/view/theme/default/template/error/not_found.tpl on line 18
2018-05-13 22:28:50 - PHP Notice:  Undefined variable: text_error in /var/www/www-root/data/www/eco-u.ru/catalog/view/theme/default/template/error/not_found.tpl on line 19
2018-05-13 22:28:50 - PHP Notice:  Undefined variable: continue in /var/www/www-root/data/www/eco-u.ru/catalog/view/theme/default/template/error/not_found.tpl on line 21
2018-05-13 22:28:50 - PHP Notice:  Undefined variable: button_continue in /var/www/www-root/data/www/eco-u.ru/catalog/view/theme/default/template/error/not_found.tpl on line 21
2018-05-13 22:28:50 - PHP Notice:  Undefined variable: content_bottom in /var/www/www-root/data/www/eco-u.ru/catalog/view/theme/default/template/error/not_found.tpl on line 23
2018-05-13 22:28:50 - PHP Notice:  Undefined variable: column_right in /var/www/www-root/data/www/eco-u.ru/catalog/view/theme/default/template/error/not_found.tpl on line 24
2018-05-13 22:28:50 - PHP Notice:  Undefined variable: footer in /var/www/www-root/data/www/eco-u.ru/catalog/view/theme/default/template/error/not_found.tpl on line 27
2018-05-13 23:12:43 - PHP Notice:  Undefined index: title in /var/www/www-root/data/www/eco-u.ru/catalog/controller/ajax/index.php on line 788
2018-05-13 23:12:43 - PHP Notice:  Undefined index: title in /var/www/www-root/data/www/eco-u.ru/catalog/controller/ajax/index.php on line 788
2018-05-13 23:12:43 - PHP Notice:  Undefined index: title in /var/www/www-root/data/www/eco-u.ru/catalog/controller/ajax/index.php on line 788
2018-05-13 23:12:46 - PHP Notice:  Undefined property: stdClass::$mkad in /var/www/www-root/data/www/eco-u.ru/catalog/controller/ajax/index.php on line 1000
2018-05-13 23:12:49 - PHP Notice:  Undefined variable: store_url in /var/www/www-root/data/www/eco-u.ru/system/storage/modification/admin/view/template/sale/order_list.tpl on line 269
2018-05-13 23:12:49 - PHP Notice:  Undefined variable: prefix in /var/www/www-root/data/www/eco-u.ru/system/storage/modification/admin/view/template/sale/order_list.tpl on line 269
2018-05-13 23:12:49 - PHP Notice:  Undefined variable: store_url in /var/www/www-root/data/www/eco-u.ru/system/storage/modification/admin/view/template/sale/order_list.tpl on line 287
2018-05-13 23:12:49 - PHP Notice:  Undefined variable: api_key in /var/www/www-root/data/www/eco-u.ru/system/storage/modification/admin/view/template/sale/order_list.tpl on line 289
2018-05-13 23:12:49 - PHP Notice:  Undefined variable: store_url in /var/www/www-root/data/www/eco-u.ru/system/storage/modification/admin/view/template/sale/order_list.tpl on line 304
2018-05-13 23:13:41 - PHP Notice:  Undefined variable: store_url in /var/www/www-root/data/www/eco-u.ru/system/storage/modification/admin/view/template/sale/order_list.tpl on line 269
2018-05-13 23:13:41 - PHP Notice:  Undefined variable: prefix in /var/www/www-root/data/www/eco-u.ru/system/storage/modification/admin/view/template/sale/order_list.tpl on line 269
2018-05-13 23:13:41 - PHP Notice:  Undefined variable: store_url in /var/www/www-root/data/www/eco-u.ru/system/storage/modification/admin/view/template/sale/order_list.tpl on line 287
2018-05-13 23:13:41 - PHP Notice:  Undefined variable: api_key in /var/www/www-root/data/www/eco-u.ru/system/storage/modification/admin/view/template/sale/order_list.tpl on line 289
2018-05-13 23:13:41 - PHP Notice:  Undefined variable: store_url in /var/www/www-root/data/www/eco-u.ru/system/storage/modification/admin/view/template/sale/order_list.tpl on line 304
2018-05-13 23:13:51 - PHP Notice:  Undefined variable: store_url in /var/www/www-root/data/www/eco-u.ru/system/storage/modification/admin/view/template/sale/order_list.tpl on line 269
2018-05-13 23:13:51 - PHP Notice:  Undefined variable: prefix in /var/www/www-root/data/www/eco-u.ru/system/storage/modification/admin/view/template/sale/order_list.tpl on line 269
2018-05-13 23:13:51 - PHP Notice:  Undefined variable: store_url in /var/www/www-root/data/www/eco-u.ru/system/storage/modification/admin/view/template/sale/order_list.tpl on line 287
2018-05-13 23:13:51 - PHP Notice:  Undefined variable: api_key in /var/www/www-root/data/www/eco-u.ru/system/storage/modification/admin/view/template/sale/order_list.tpl on line 289
2018-05-13 23:13:51 - PHP Notice:  Undefined variable: store_url in /var/www/www-root/data/www/eco-u.ru/system/storage/modification/admin/view/template/sale/order_list.tpl on line 304
2018-05-13 23:15:26 - PHP Notice:  Undefined index: title in /var/www/www-root/data/www/eco-u.ru/catalog/controller/ajax/index.php on line 788
2018-05-13 23:15:26 - PHP Notice:  Undefined index: title in /var/www/www-root/data/www/eco-u.ru/catalog/controller/ajax/index.php on line 788
2018-05-13 23:15:26 - PHP Notice:  Undefined index: title in /var/www/www-root/data/www/eco-u.ru/catalog/controller/ajax/index.php on line 788
2018-05-13 23:15:32 - PHP Notice:  Undefined property: stdClass::$mkad in /var/www/www-root/data/www/eco-u.ru/catalog/controller/ajax/index.php on line 1000
2018-05-13 23:15:35 - PHP Notice:  Undefined variable: store_url in /var/www/www-root/data/www/eco-u.ru/system/storage/modification/admin/view/template/sale/order_list.tpl on line 269
2018-05-13 23:15:35 - PHP Notice:  Undefined variable: prefix in /var/www/www-root/data/www/eco-u.ru/system/storage/modification/admin/view/template/sale/order_list.tpl on line 269
2018-05-13 23:15:35 - PHP Notice:  Undefined variable: store_url in /var/www/www-root/data/www/eco-u.ru/system/storage/modification/admin/view/template/sale/order_list.tpl on line 287
2018-05-13 23:15:35 - PHP Notice:  Undefined variable: api_key in /var/www/www-root/data/www/eco-u.ru/system/storage/modification/admin/view/template/sale/order_list.tpl on line 289
2018-05-13 23:15:35 - PHP Notice:  Undefined variable: store_url in /var/www/www-root/data/www/eco-u.ru/system/storage/modification/admin/view/template/sale/order_list.tpl on line 304
2018-05-13 23:16:24 - PHP Notice:  Undefined index: title in /var/www/www-root/data/www/eco-u.ru/catalog/controller/ajax/index.php on line 788
2018-05-13 23:16:24 - PHP Notice:  Undefined index: title in /var/www/www-root/data/www/eco-u.ru/catalog/controller/ajax/index.php on line 788
2018-05-13 23:16:24 - PHP Notice:  Undefined index: title in /var/www/www-root/data/www/eco-u.ru/catalog/controller/ajax/index.php on line 788
2018-05-13 23:16:27 - PHP Notice:  Undefined property: stdClass::$mkad in /var/www/www-root/data/www/eco-u.ru/catalog/controller/ajax/index.php on line 1000
2018-05-13 23:16:31 - PHP Notice:  Undefined variable: store_url in /var/www/www-root/data/www/eco-u.ru/system/storage/modification/admin/view/template/sale/order_list.tpl on line 269
2018-05-13 23:16:31 - PHP Notice:  Undefined variable: prefix in /var/www/www-root/data/www/eco-u.ru/system/storage/modification/admin/view/template/sale/order_list.tpl on line 269
2018-05-13 23:16:31 - PHP Notice:  Undefined variable: store_url in /var/www/www-root/data/www/eco-u.ru/system/storage/modification/admin/view/template/sale/order_list.tpl on line 287
2018-05-13 23:16:31 - PHP Notice:  Undefined variable: api_key in /var/www/www-root/data/www/eco-u.ru/system/storage/modification/admin/view/template/sale/order_list.tpl on line 289
2018-05-13 23:16:31 - PHP Notice:  Undefined variable: store_url in /var/www/www-root/data/www/eco-u.ru/system/storage/modification/admin/view/template/sale/order_list.tpl on line 304
2018-05-13 23:17:44 - PHP Notice:  Undefined variable: store_url in /var/www/www-root/data/www/eco-u.ru/system/storage/modification/admin/view/template/sale/order_list.tpl on line 269
2018-05-13 23:17:44 - PHP Notice:  Undefined variable: prefix in /var/www/www-root/data/www/eco-u.ru/system/storage/modification/admin/view/template/sale/order_list.tpl on line 269
2018-05-13 23:17:44 - PHP Notice:  Undefined variable: store_url in /var/www/www-root/data/www/eco-u.ru/system/storage/modification/admin/view/template/sale/order_list.tpl on line 287
2018-05-13 23:17:44 - PHP Notice:  Undefined variable: api_key in /var/www/www-root/data/www/eco-u.ru/system/storage/modification/admin/view/template/sale/order_list.tpl on line 289
2018-05-13 23:17:44 - PHP Notice:  Undefined variable: store_url in /var/www/www-root/data/www/eco-u.ru/system/storage/modification/admin/view/template/sale/order_list.tpl on line 304
2018-05-13 23:24:43 - PHP Notice:  Undefined variable: store_url in /var/www/www-root/data/www/eco-u.ru/system/storage/modification/admin/view/template/sale/order_list.tpl on line 269
2018-05-13 23:24:43 - PHP Notice:  Undefined variable: prefix in /var/www/www-root/data/www/eco-u.ru/system/storage/modification/admin/view/template/sale/order_list.tpl on line 269
2018-05-13 23:24:43 - PHP Notice:  Undefined variable: store_url in /var/www/www-root/data/www/eco-u.ru/system/storage/modification/admin/view/template/sale/order_list.tpl on line 287
2018-05-13 23:24:43 - PHP Notice:  Undefined variable: api_key in /var/www/www-root/data/www/eco-u.ru/system/storage/modification/admin/view/template/sale/order_list.tpl on line 289
2018-05-13 23:24:43 - PHP Notice:  Undefined variable: store_url in /var/www/www-root/data/www/eco-u.ru/system/storage/modification/admin/view/template/sale/order_list.tpl on line 304
2018-05-13 23:57:48 - PHP Notice:  Undefined index: title in /var/www/www-root/data/www/eco-u.ru/catalog/controller/ajax/index.php on line 788
2018-05-13 23:57:48 - PHP Notice:  Undefined index: title in /var/www/www-root/data/www/eco-u.ru/catalog/controller/ajax/index.php on line 788
2018-05-13 23:57:48 - PHP Notice:  Undefined index: title in /var/www/www-root/data/www/eco-u.ru/catalog/controller/ajax/index.php on line 788
2018-05-13 23:57:56 - PHP Notice:  Undefined property: stdClass::$mkad in /var/www/www-root/data/www/eco-u.ru/catalog/controller/ajax/index.php on line 1000
2018-05-14 0:41:36 - PHP Notice:  Undefined variable: store_url in /var/www/www-root/data/www/eco-u.ru/system/storage/modification/admin/view/template/sale/order_list.tpl on line 269
2018-05-14 0:41:36 - PHP Notice:  Undefined variable: prefix in /var/www/www-root/data/www/eco-u.ru/system/storage/modification/admin/view/template/sale/order_list.tpl on line 269
2018-05-14 0:41:36 - PHP Notice:  Undefined variable: store_url in /var/www/www-root/data/www/eco-u.ru/system/storage/modification/admin/view/template/sale/order_list.tpl on line 287
2018-05-14 0:41:36 - PHP Notice:  Undefined variable: api_key in /var/www/www-root/data/www/eco-u.ru/system/storage/modification/admin/view/template/sale/order_list.tpl on line 289
2018-05-14 0:41:36 - PHP Notice:  Undefined variable: store_url in /var/www/www-root/data/www/eco-u.ru/system/storage/modification/admin/view/template/sale/order_list.tpl on line 304
2018-05-14 0:42:09 - PHP Notice:  Undefined variable: store_url in /var/www/www-root/data/www/eco-u.ru/system/storage/modification/admin/view/template/sale/order_list.tpl on line 269
2018-05-14 0:42:09 - PHP Notice:  Undefined variable: prefix in /var/www/www-root/data/www/eco-u.ru/system/storage/modification/admin/view/template/sale/order_list.tpl on line 269
2018-05-14 0:42:09 - PHP Notice:  Undefined variable: store_url in /var/www/www-root/data/www/eco-u.ru/system/storage/modification/admin/view/template/sale/order_list.tpl on line 287
2018-05-14 0:42:09 - PHP Notice:  Undefined variable: api_key in /var/www/www-root/data/www/eco-u.ru/system/storage/modification/admin/view/template/sale/order_list.tpl on line 289
2018-05-14 0:42:09 - PHP Notice:  Undefined variable: store_url in /var/www/www-root/data/www/eco-u.ru/system/storage/modification/admin/view/template/sale/order_list.tpl on line 304
2018-05-14 0:42:16 - PHP Notice:  Undefined variable: store_url in /var/www/www-root/data/www/eco-u.ru/system/storage/modification/admin/view/template/sale/order_list.tpl on line 269
2018-05-14 0:42:16 - PHP Notice:  Undefined variable: prefix in /var/www/www-root/data/www/eco-u.ru/system/storage/modification/admin/view/template/sale/order_list.tpl on line 269
2018-05-14 0:42:16 - PHP Notice:  Undefined variable: store_url in /var/www/www-root/data/www/eco-u.ru/system/storage/modification/admin/view/template/sale/order_list.tpl on line 287
2018-05-14 0:42:16 - PHP Notice:  Undefined variable: api_key in /var/www/www-root/data/www/eco-u.ru/system/storage/modification/admin/view/template/sale/order_list.tpl on line 289
2018-05-14 0:42:16 - PHP Notice:  Undefined variable: store_url in /var/www/www-root/data/www/eco-u.ru/system/storage/modification/admin/view/template/sale/order_list.tpl on line 304
2018-05-14 0:42:27 - PHP Notice:  Undefined variable: store_url in /var/www/www-root/data/www/eco-u.ru/system/storage/modification/admin/view/template/sale/order_list.tpl on line 269
2018-05-14 0:42:27 - PHP Notice:  Undefined variable: prefix in /var/www/www-root/data/www/eco-u.ru/system/storage/modification/admin/view/template/sale/order_list.tpl on line 269
2018-05-14 0:42:27 - PHP Notice:  Undefined variable: store_url in /var/www/www-root/data/www/eco-u.ru/system/storage/modification/admin/view/template/sale/order_list.tpl on line 287
2018-05-14 0:42:27 - PHP Notice:  Undefined variable: api_key in /var/www/www-root/data/www/eco-u.ru/system/storage/modification/admin/view/template/sale/order_list.tpl on line 289
2018-05-14 0:42:27 - PHP Notice:  Undefined variable: store_url in /var/www/www-root/data/www/eco-u.ru/system/storage/modification/admin/view/template/sale/order_list.tpl on line 304
2018-05-14 0:42:35 - PHP Notice:  Undefined variable: store_url in /var/www/www-root/data/www/eco-u.ru/system/storage/modification/admin/view/template/sale/order_list.tpl on line 269
2018-05-14 0:42:35 - PHP Notice:  Undefined variable: prefix in /var/www/www-root/data/www/eco-u.ru/system/storage/modification/admin/view/template/sale/order_list.tpl on line 269
2018-05-14 0:42:35 - PHP Notice:  Undefined variable: store_url in /var/www/www-root/data/www/eco-u.ru/system/storage/modification/admin/view/template/sale/order_list.tpl on line 287
2018-05-14 0:42:35 - PHP Notice:  Undefined variable: api_key in /var/www/www-root/data/www/eco-u.ru/system/storage/modification/admin/view/template/sale/order_list.tpl on line 289
2018-05-14 0:42:35 - PHP Notice:  Undefined variable: store_url in /var/www/www-root/data/www/eco-u.ru/system/storage/modification/admin/view/template/sale/order_list.tpl on line 304
2018-05-14 0:43:23 - PHP Notice:  Undefined variable: store_url in /var/www/www-root/data/www/eco-u.ru/system/storage/modification/admin/view/template/sale/order_list.tpl on line 269
2018-05-14 0:43:23 - PHP Notice:  Undefined variable: prefix in /var/www/www-root/data/www/eco-u.ru/system/storage/modification/admin/view/template/sale/order_list.tpl on line 269
2018-05-14 0:43:23 - PHP Notice:  Undefined variable: store_url in /var/www/www-root/data/www/eco-u.ru/system/storage/modification/admin/view/template/sale/order_list.tpl on line 287
2018-05-14 0:43:23 - PHP Notice:  Undefined variable: api_key in /var/www/www-root/data/www/eco-u.ru/system/storage/modification/admin/view/template/sale/order_list.tpl on line 289
2018-05-14 0:43:23 - PHP Notice:  Undefined variable: store_url in /var/www/www-root/data/www/eco-u.ru/system/storage/modification/admin/view/template/sale/order_list.tpl on line 304
2018-05-14 0:43:47 - PHP Notice:  Undefined variable: store_url in /var/www/www-root/data/www/eco-u.ru/system/storage/modification/admin/view/template/sale/order_list.tpl on line 269
2018-05-14 0:43:47 - PHP Notice:  Undefined variable: prefix in /var/www/www-root/data/www/eco-u.ru/system/storage/modification/admin/view/template/sale/order_list.tpl on line 269
2018-05-14 0:43:47 - PHP Notice:  Undefined variable: store_url in /var/www/www-root/data/www/eco-u.ru/system/storage/modification/admin/view/template/sale/order_list.tpl on line 287
2018-05-14 0:43:47 - PHP Notice:  Undefined variable: api_key in /var/www/www-root/data/www/eco-u.ru/system/storage/modification/admin/view/template/sale/order_list.tpl on line 289
2018-05-14 0:43:47 - PHP Notice:  Undefined variable: store_url in /var/www/www-root/data/www/eco-u.ru/system/storage/modification/admin/view/template/sale/order_list.tpl on line 304
2018-05-14 1:04:12 - PHP Notice:  Undefined variable: store_url in /var/www/www-root/data/www/eco-u.ru/system/storage/modification/admin/view/template/sale/order_list.tpl on line 269
2018-05-14 1:04:12 - PHP Notice:  Undefined variable: prefix in /var/www/www-root/data/www/eco-u.ru/system/storage/modification/admin/view/template/sale/order_list.tpl on line 269
2018-05-14 1:04:12 - PHP Notice:  Undefined variable: store_url in /var/www/www-root/data/www/eco-u.ru/system/storage/modification/admin/view/template/sale/order_list.tpl on line 287
2018-05-14 1:04:12 - PHP Notice:  Undefined variable: api_key in /var/www/www-root/data/www/eco-u.ru/system/storage/modification/admin/view/template/sale/order_list.tpl on line 289
2018-05-14 1:04:12 - PHP Notice:  Undefined variable: store_url in /var/www/www-root/data/www/eco-u.ru/system/storage/modification/admin/view/template/sale/order_list.tpl on line 304
2018-05-14 1:04:26 - PHP Notice:  Undefined variable: store_url in /var/www/www-root/data/www/eco-u.ru/system/storage/modification/admin/view/template/sale/order_list.tpl on line 269
2018-05-14 1:04:26 - PHP Notice:  Undefined variable: prefix in /var/www/www-root/data/www/eco-u.ru/system/storage/modification/admin/view/template/sale/order_list.tpl on line 269
2018-05-14 1:04:26 - PHP Notice:  Undefined variable: store_url in /var/www/www-root/data/www/eco-u.ru/system/storage/modification/admin/view/template/sale/order_list.tpl on line 287
2018-05-14 1:04:26 - PHP Notice:  Undefined variable: api_key in /var/www/www-root/data/www/eco-u.ru/system/storage/modification/admin/view/template/sale/order_list.tpl on line 289
2018-05-14 1:04:26 - PHP Notice:  Undefined variable: store_url in /var/www/www-root/data/www/eco-u.ru/system/storage/modification/admin/view/template/sale/order_list.tpl on line 304
2018-05-14 1:04:32 - PHP Notice:  Undefined variable: store_url in /var/www/www-root/data/www/eco-u.ru/system/storage/modification/admin/view/template/sale/order_list.tpl on line 269
2018-05-14 1:04:32 - PHP Notice:  Undefined variable: prefix in /var/www/www-root/data/www/eco-u.ru/system/storage/modification/admin/view/template/sale/order_list.tpl on line 269
2018-05-14 1:04:32 - PHP Notice:  Undefined variable: store_url in /var/www/www-root/data/www/eco-u.ru/system/storage/modification/admin/view/template/sale/order_list.tpl on line 287
2018-05-14 1:04:32 - PHP Notice:  Undefined variable: api_key in /var/www/www-root/data/www/eco-u.ru/system/storage/modification/admin/view/template/sale/order_list.tpl on line 289
2018-05-14 1:04:32 - PHP Notice:  Undefined variable: store_url in /var/www/www-root/data/www/eco-u.ru/system/storage/modification/admin/view/template/sale/order_list.tpl on line 304
2018-05-14 1:04:47 - PHP Notice:  Undefined variable: store_url in /var/www/www-root/data/www/eco-u.ru/system/storage/modification/admin/view/template/sale/order_list.tpl on line 269
2018-05-14 1:04:47 - PHP Notice:  Undefined variable: prefix in /var/www/www-root/data/www/eco-u.ru/system/storage/modification/admin/view/template/sale/order_list.tpl on line 269
2018-05-14 1:04:47 - PHP Notice:  Undefined variable: store_url in /var/www/www-root/data/www/eco-u.ru/system/storage/modification/admin/view/template/sale/order_list.tpl on line 287
2018-05-14 1:04:47 - PHP Notice:  Undefined variable: api_key in /var/www/www-root/data/www/eco-u.ru/system/storage/modification/admin/view/template/sale/order_list.tpl on line 289
2018-05-14 1:04:47 - PHP Notice:  Undefined variable: store_url in /var/www/www-root/data/www/eco-u.ru/system/storage/modification/admin/view/template/sale/order_list.tpl on line 304
2018-05-14 1:04:54 - PHP Notice:  Undefined variable: store_url in /var/www/www-root/data/www/eco-u.ru/system/storage/modification/admin/view/template/sale/order_list.tpl on line 269
2018-05-14 1:04:54 - PHP Notice:  Undefined variable: prefix in /var/www/www-root/data/www/eco-u.ru/system/storage/modification/admin/view/template/sale/order_list.tpl on line 269
2018-05-14 1:04:54 - PHP Notice:  Undefined variable: store_url in /var/www/www-root/data/www/eco-u.ru/system/storage/modification/admin/view/template/sale/order_list.tpl on line 287
2018-05-14 1:04:54 - PHP Notice:  Undefined variable: api_key in /var/www/www-root/data/www/eco-u.ru/system/storage/modification/admin/view/template/sale/order_list.tpl on line 289
2018-05-14 1:04:54 - PHP Notice:  Undefined variable: store_url in /var/www/www-root/data/www/eco-u.ru/system/storage/modification/admin/view/template/sale/order_list.tpl on line 304
2018-05-14 1:39:39 - PHP Notice:  Undefined variable: header in /var/www/www-root/data/www/eco-u.ru/catalog/view/theme/default/template/error/not_found.tpl on line 1
2018-05-14 1:39:39 - PHP Notice:  Undefined variable: breadcrumbs in /var/www/www-root/data/www/eco-u.ru/catalog/view/theme/default/template/error/not_found.tpl on line 5
2018-05-14 1:39:39 - PHP Warning:  Invalid argument supplied for foreach() in /var/www/www-root/data/www/eco-u.ru/catalog/view/theme/default/template/error/not_found.tpl on line 5
2018-05-14 1:39:39 - PHP Notice:  Undefined variable: column_left in /var/www/www-root/data/www/eco-u.ru/catalog/view/theme/default/template/error/not_found.tpl on line 9
2018-05-14 1:39:39 - PHP Notice:  Undefined variable: column_left in /var/www/www-root/data/www/eco-u.ru/catalog/view/theme/default/template/error/not_found.tpl on line 10
2018-05-14 1:39:39 - PHP Notice:  Undefined variable: column_left in /var/www/www-root/data/www/eco-u.ru/catalog/view/theme/default/template/error/not_found.tpl on line 12
2018-05-14 1:39:39 - PHP Notice:  Undefined variable: column_right in /var/www/www-root/data/www/eco-u.ru/catalog/view/theme/default/template/error/not_found.tpl on line 12
2018-05-14 1:39:39 - PHP Notice:  Undefined variable: content_top in /var/www/www-root/data/www/eco-u.ru/catalog/view/theme/default/template/error/not_found.tpl on line 17
2018-05-14 1:39:39 - PHP Notice:  Undefined variable: heading_title in /var/www/www-root/data/www/eco-u.ru/catalog/view/theme/default/template/error/not_found.tpl on line 18
2018-05-14 1:39:39 - PHP Notice:  Undefined variable: text_error in /var/www/www-root/data/www/eco-u.ru/catalog/view/theme/default/template/error/not_found.tpl on line 19
2018-05-14 1:39:39 - PHP Notice:  Undefined variable: continue in /var/www/www-root/data/www/eco-u.ru/catalog/view/theme/default/template/error/not_found.tpl on line 21
2018-05-14 1:39:39 - PHP Notice:  Undefined variable: button_continue in /var/www/www-root/data/www/eco-u.ru/catalog/view/theme/default/template/error/not_found.tpl on line 21
2018-05-14 1:39:39 - PHP Notice:  Undefined variable: content_bottom in /var/www/www-root/data/www/eco-u.ru/catalog/view/theme/default/template/error/not_found.tpl on line 23
2018-05-14 1:39:39 - PHP Notice:  Undefined variable: column_right in /var/www/www-root/data/www/eco-u.ru/catalog/view/theme/default/template/error/not_found.tpl on line 24
2018-05-14 1:39:39 - PHP Notice:  Undefined variable: footer in /var/www/www-root/data/www/eco-u.ru/catalog/view/theme/default/template/error/not_found.tpl on line 27
2018-05-14 1:40:23 - PHP Notice:  Undefined variable: header in /var/www/www-root/data/www/eco-u.ru/catalog/view/theme/default/template/error/not_found.tpl on line 1
2018-05-14 1:40:23 - PHP Notice:  Undefined variable: breadcrumbs in /var/www/www-root/data/www/eco-u.ru/catalog/view/theme/default/template/error/not_found.tpl on line 5
2018-05-14 1:40:23 - PHP Warning:  Invalid argument supplied for foreach() in /var/www/www-root/data/www/eco-u.ru/catalog/view/theme/default/template/error/not_found.tpl on line 5
2018-05-14 1:40:23 - PHP Notice:  Undefined variable: column_left in /var/www/www-root/data/www/eco-u.ru/catalog/view/theme/default/template/error/not_found.tpl on line 9
2018-05-14 1:40:23 - PHP Notice:  Undefined variable: column_left in /var/www/www-root/data/www/eco-u.ru/catalog/view/theme/default/template/error/not_found.tpl on line 10
2018-05-14 1:40:23 - PHP Notice:  Undefined variable: column_left in /var/www/www-root/data/www/eco-u.ru/catalog/view/theme/default/template/error/not_found.tpl on line 12
2018-05-14 1:40:23 - PHP Notice:  Undefined variable: column_right in /var/www/www-root/data/www/eco-u.ru/catalog/view/theme/default/template/error/not_found.tpl on line 12
2018-05-14 1:40:23 - PHP Notice:  Undefined variable: content_top in /var/www/www-root/data/www/eco-u.ru/catalog/view/theme/default/template/error/not_found.tpl on line 17
2018-05-14 1:40:23 - PHP Notice:  Undefined variable: heading_title in /var/www/www-root/data/www/eco-u.ru/catalog/view/theme/default/template/error/not_found.tpl on line 18
2018-05-14 1:40:23 - PHP Notice:  Undefined variable: text_error in /var/www/www-root/data/www/eco-u.ru/catalog/view/theme/default/template/error/not_found.tpl on line 19
2018-05-14 1:40:23 - PHP Notice:  Undefined variable: continue in /var/www/www-root/data/www/eco-u.ru/catalog/view/theme/default/template/error/not_found.tpl on line 21
2018-05-14 1:40:23 - PHP Notice:  Undefined variable: button_continue in /var/www/www-root/data/www/eco-u.ru/catalog/view/theme/default/template/error/not_found.tpl on line 21
2018-05-14 1:40:23 - PHP Notice:  Undefined variable: content_bottom in /var/www/www-root/data/www/eco-u.ru/catalog/view/theme/default/template/error/not_found.tpl on line 23
2018-05-14 1:40:23 - PHP Notice:  Undefined variable: column_right in /var/www/www-root/data/www/eco-u.ru/catalog/view/theme/default/template/error/not_found.tpl on line 24
2018-05-14 1:40:23 - PHP Notice:  Undefined variable: footer in /var/www/www-root/data/www/eco-u.ru/catalog/view/theme/default/template/error/not_found.tpl on line 27
2018-05-14 2:21:47 - PHP Notice:  Undefined variable: header in /var/www/www-root/data/www/eco-u.ru/catalog/view/theme/default/template/error/not_found.tpl on line 1
2018-05-14 2:21:47 - PHP Notice:  Undefined variable: breadcrumbs in /var/www/www-root/data/www/eco-u.ru/catalog/view/theme/default/template/error/not_found.tpl on line 5
2018-05-14 2:21:47 - PHP Warning:  Invalid argument supplied for foreach() in /var/www/www-root/data/www/eco-u.ru/catalog/view/theme/default/template/error/not_found.tpl on line 5
2018-05-14 2:21:47 - PHP Notice:  Undefined variable: column_left in /var/www/www-root/data/www/eco-u.ru/catalog/view/theme/default/template/error/not_found.tpl on line 9
2018-05-14 2:21:47 - PHP Notice:  Undefined variable: column_left in /var/www/www-root/data/www/eco-u.ru/catalog/view/theme/default/template/error/not_found.tpl on line 10
2018-05-14 2:21:47 - PHP Notice:  Undefined variable: column_left in /var/www/www-root/data/www/eco-u.ru/catalog/view/theme/default/template/error/not_found.tpl on line 12
2018-05-14 2:21:47 - PHP Notice:  Undefined variable: column_right in /var/www/www-root/data/www/eco-u.ru/catalog/view/theme/default/template/error/not_found.tpl on line 12
2018-05-14 2:21:47 - PHP Notice:  Undefined variable: content_top in /var/www/www-root/data/www/eco-u.ru/catalog/view/theme/default/template/error/not_found.tpl on line 17
2018-05-14 2:21:47 - PHP Notice:  Undefined variable: heading_title in /var/www/www-root/data/www/eco-u.ru/catalog/view/theme/default/template/error/not_found.tpl on line 18
2018-05-14 2:21:47 - PHP Notice:  Undefined variable: text_error in /var/www/www-root/data/www/eco-u.ru/catalog/view/theme/default/template/error/not_found.tpl on line 19
2018-05-14 2:21:47 - PHP Notice:  Undefined variable: continue in /var/www/www-root/data/www/eco-u.ru/catalog/view/theme/default/template/error/not_found.tpl on line 21
2018-05-14 2:21:47 - PHP Notice:  Undefined variable: button_continue in /var/www/www-root/data/www/eco-u.ru/catalog/view/theme/default/template/error/not_found.tpl on line 21
2018-05-14 2:21:47 - PHP Notice:  Undefined variable: content_bottom in /var/www/www-root/data/www/eco-u.ru/catalog/view/theme/default/template/error/not_found.tpl on line 23
2018-05-14 2:21:47 - PHP Notice:  Undefined variable: column_right in /var/www/www-root/data/www/eco-u.ru/catalog/view/theme/default/template/error/not_found.tpl on line 24
2018-05-14 2:21:47 - PHP Notice:  Undefined variable: footer in /var/www/www-root/data/www/eco-u.ru/catalog/view/theme/default/template/error/not_found.tpl on line 27
2018-05-14 2:22:10 - PHP Notice:  Undefined variable: header in /var/www/www-root/data/www/eco-u.ru/catalog/view/theme/default/template/error/not_found.tpl on line 1
2018-05-14 2:22:10 - PHP Notice:  Undefined variable: breadcrumbs in /var/www/www-root/data/www/eco-u.ru/catalog/view/theme/default/template/error/not_found.tpl on line 5
2018-05-14 2:22:10 - PHP Warning:  Invalid argument supplied for foreach() in /var/www/www-root/data/www/eco-u.ru/catalog/view/theme/default/template/error/not_found.tpl on line 5
2018-05-14 2:22:10 - PHP Notice:  Undefined variable: column_left in /var/www/www-root/data/www/eco-u.ru/catalog/view/theme/default/template/error/not_found.tpl on line 9
2018-05-14 2:22:10 - PHP Notice:  Undefined variable: column_left in /var/www/www-root/data/www/eco-u.ru/catalog/view/theme/default/template/error/not_found.tpl on line 10
2018-05-14 2:22:10 - PHP Notice:  Undefined variable: column_left in /var/www/www-root/data/www/eco-u.ru/catalog/view/theme/default/template/error/not_found.tpl on line 12
2018-05-14 2:22:10 - PHP Notice:  Undefined variable: column_right in /var/www/www-root/data/www/eco-u.ru/catalog/view/theme/default/template/error/not_found.tpl on line 12
2018-05-14 2:22:10 - PHP Notice:  Undefined variable: content_top in /var/www/www-root/data/www/eco-u.ru/catalog/view/theme/default/template/error/not_found.tpl on line 17
2018-05-14 2:22:10 - PHP Notice:  Undefined variable: heading_title in /var/www/www-root/data/www/eco-u.ru/catalog/view/theme/default/template/error/not_found.tpl on line 18
2018-05-14 2:22:10 - PHP Notice:  Undefined variable: text_error in /var/www/www-root/data/www/eco-u.ru/catalog/view/theme/default/template/error/not_found.tpl on line 19
2018-05-14 2:22:10 - PHP Notice:  Undefined variable: continue in /var/www/www-root/data/www/eco-u.ru/catalog/view/theme/default/template/error/not_found.tpl on line 21
2018-05-14 2:22:10 - PHP Notice:  Undefined variable: button_continue in /var/www/www-root/data/www/eco-u.ru/catalog/view/theme/default/template/error/not_found.tpl on line 21
2018-05-14 2:22:10 - PHP Notice:  Undefined variable: content_bottom in /var/www/www-root/data/www/eco-u.ru/catalog/view/theme/default/template/error/not_found.tpl on line 23
2018-05-14 2:22:10 - PHP Notice:  Undefined variable: column_right in /var/www/www-root/data/www/eco-u.ru/catalog/view/theme/default/template/error/not_found.tpl on line 24
2018-05-14 2:22:10 - PHP Notice:  Undefined variable: footer in /var/www/www-root/data/www/eco-u.ru/catalog/view/theme/default/template/error/not_found.tpl on line 27
2018-05-14 2:22:21 - PHP Notice:  Undefined variable: header in /var/www/www-root/data/www/eco-u.ru/catalog/view/theme/default/template/error/not_found.tpl on line 1
2018-05-14 2:22:21 - PHP Notice:  Undefined variable: breadcrumbs in /var/www/www-root/data/www/eco-u.ru/catalog/view/theme/default/template/error/not_found.tpl on line 5
2018-05-14 2:22:21 - PHP Warning:  Invalid argument supplied for foreach() in /var/www/www-root/data/www/eco-u.ru/catalog/view/theme/default/template/error/not_found.tpl on line 5
2018-05-14 2:22:21 - PHP Notice:  Undefined variable: column_left in /var/www/www-root/data/www/eco-u.ru/catalog/view/theme/default/template/error/not_found.tpl on line 9
2018-05-14 2:22:21 - PHP Notice:  Undefined variable: column_left in /var/www/www-root/data/www/eco-u.ru/catalog/view/theme/default/template/error/not_found.tpl on line 10
2018-05-14 2:22:21 - PHP Notice:  Undefined variable: column_left in /var/www/www-root/data/www/eco-u.ru/catalog/view/theme/default/template/error/not_found.tpl on line 12
2018-05-14 2:22:21 - PHP Notice:  Undefined variable: column_right in /var/www/www-root/data/www/eco-u.ru/catalog/view/theme/default/template/error/not_found.tpl on line 12
2018-05-14 2:22:21 - PHP Notice:  Undefined variable: content_top in /var/www/www-root/data/www/eco-u.ru/catalog/view/theme/default/template/error/not_found.tpl on line 17
2018-05-14 2:22:21 - PHP Notice:  Undefined variable: heading_title in /var/www/www-root/data/www/eco-u.ru/catalog/view/theme/default/template/error/not_found.tpl on line 18
2018-05-14 2:22:21 - PHP Notice:  Undefined variable: text_error in /var/www/www-root/data/www/eco-u.ru/catalog/view/theme/default/template/error/not_found.tpl on line 19
2018-05-14 2:22:21 - PHP Notice:  Undefined variable: continue in /var/www/www-root/data/www/eco-u.ru/catalog/view/theme/default/template/error/not_found.tpl on line 21
2018-05-14 2:22:21 - PHP Notice:  Undefined variable: button_continue in /var/www/www-root/data/www/eco-u.ru/catalog/view/theme/default/template/error/not_found.tpl on line 21
2018-05-14 2:22:21 - PHP Notice:  Undefined variable: content_bottom in /var/www/www-root/data/www/eco-u.ru/catalog/view/theme/default/template/error/not_found.tpl on line 23
2018-05-14 2:22:21 - PHP Notice:  Undefined variable: column_right in /var/www/www-root/data/www/eco-u.ru/catalog/view/theme/default/template/error/not_found.tpl on line 24
2018-05-14 2:22:21 - PHP Notice:  Undefined variable: footer in /var/www/www-root/data/www/eco-u.ru/catalog/view/theme/default/template/error/not_found.tpl on line 27
2018-05-14 2:23:19 - PHP Notice:  Undefined variable: header in /var/www/www-root/data/www/eco-u.ru/catalog/view/theme/default/template/error/not_found.tpl on line 1
2018-05-14 2:23:19 - PHP Notice:  Undefined variable: breadcrumbs in /var/www/www-root/data/www/eco-u.ru/catalog/view/theme/default/template/error/not_found.tpl on line 5
2018-05-14 2:23:19 - PHP Warning:  Invalid argument supplied for foreach() in /var/www/www-root/data/www/eco-u.ru/catalog/view/theme/default/template/error/not_found.tpl on line 5
2018-05-14 2:23:19 - PHP Notice:  Undefined variable: column_left in /var/www/www-root/data/www/eco-u.ru/catalog/view/theme/default/template/error/not_found.tpl on line 9
2018-05-14 2:23:19 - PHP Notice:  Undefined variable: column_left in /var/www/www-root/data/www/eco-u.ru/catalog/view/theme/default/template/error/not_found.tpl on line 10
2018-05-14 2:23:19 - PHP Notice:  Undefined variable: column_left in /var/www/www-root/data/www/eco-u.ru/catalog/view/theme/default/template/error/not_found.tpl on line 12
2018-05-14 2:23:19 - PHP Notice:  Undefined variable: column_right in /var/www/www-root/data/www/eco-u.ru/catalog/view/theme/default/template/error/not_found.tpl on line 12
2018-05-14 2:23:19 - PHP Notice:  Undefined variable: content_top in /var/www/www-root/data/www/eco-u.ru/catalog/view/theme/default/template/error/not_found.tpl on line 17
2018-05-14 2:23:19 - PHP Notice:  Undefined variable: heading_title in /var/www/www-root/data/www/eco-u.ru/catalog/view/theme/default/template/error/not_found.tpl on line 18
2018-05-14 2:23:19 - PHP Notice:  Undefined variable: text_error in /var/www/www-root/data/www/eco-u.ru/catalog/view/theme/default/template/error/not_found.tpl on line 19
2018-05-14 2:23:19 - PHP Notice:  Undefined variable: continue in /var/www/www-root/data/www/eco-u.ru/catalog/view/theme/default/template/error/not_found.tpl on line 21
2018-05-14 2:23:19 - PHP Notice:  Undefined variable: button_continue in /var/www/www-root/data/www/eco-u.ru/catalog/view/theme/default/template/error/not_found.tpl on line 21
2018-05-14 2:23:19 - PHP Notice:  Undefined variable: content_bottom in /var/www/www-root/data/www/eco-u.ru/catalog/view/theme/default/template/error/not_found.tpl on line 23
2018-05-14 2:23:19 - PHP Notice:  Undefined variable: column_right in /var/www/www-root/data/www/eco-u.ru/catalog/view/theme/default/template/error/not_found.tpl on line 24
2018-05-14 2:23:19 - PHP Notice:  Undefined variable: footer in /var/www/www-root/data/www/eco-u.ru/catalog/view/theme/default/template/error/not_found.tpl on line 27
2018-05-14 2:23:27 - PHP Notice:  Undefined variable: header in /var/www/www-root/data/www/eco-u.ru/catalog/view/theme/default/template/error/not_found.tpl on line 1
2018-05-14 2:23:27 - PHP Notice:  Undefined variable: breadcrumbs in /var/www/www-root/data/www/eco-u.ru/catalog/view/theme/default/template/error/not_found.tpl on line 5
2018-05-14 2:23:27 - PHP Warning:  Invalid argument supplied for foreach() in /var/www/www-root/data/www/eco-u.ru/catalog/view/theme/default/template/error/not_found.tpl on line 5
2018-05-14 2:23:27 - PHP Notice:  Undefined variable: column_left in /var/www/www-root/data/www/eco-u.ru/catalog/view/theme/default/template/error/not_found.tpl on line 9
2018-05-14 2:23:27 - PHP Notice:  Undefined variable: column_left in /var/www/www-root/data/www/eco-u.ru/catalog/view/theme/default/template/error/not_found.tpl on line 10
2018-05-14 2:23:27 - PHP Notice:  Undefined variable: column_left in /var/www/www-root/data/www/eco-u.ru/catalog/view/theme/default/template/error/not_found.tpl on line 12
2018-05-14 2:23:27 - PHP Notice:  Undefined variable: column_right in /var/www/www-root/data/www/eco-u.ru/catalog/view/theme/default/template/error/not_found.tpl on line 12
2018-05-14 2:23:27 - PHP Notice:  Undefined variable: content_top in /var/www/www-root/data/www/eco-u.ru/catalog/view/theme/default/template/error/not_found.tpl on line 17
2018-05-14 2:23:27 - PHP Notice:  Undefined variable: heading_title in /var/www/www-root/data/www/eco-u.ru/catalog/view/theme/default/template/error/not_found.tpl on line 18
2018-05-14 2:23:27 - PHP Notice:  Undefined variable: text_error in /var/www/www-root/data/www/eco-u.ru/catalog/view/theme/default/template/error/not_found.tpl on line 19
2018-05-14 2:23:27 - PHP Notice:  Undefined variable: continue in /var/www/www-root/data/www/eco-u.ru/catalog/view/theme/default/template/error/not_found.tpl on line 21
2018-05-14 2:23:27 - PHP Notice:  Undefined variable: button_continue in /var/www/www-root/data/www/eco-u.ru/catalog/view/theme/default/template/error/not_found.tpl on line 21
2018-05-14 2:23:27 - PHP Notice:  Undefined variable: content_bottom in /var/www/www-root/data/www/eco-u.ru/catalog/view/theme/default/template/error/not_found.tpl on line 23
2018-05-14 2:23:27 - PHP Notice:  Undefined variable: column_right in /var/www/www-root/data/www/eco-u.ru/catalog/view/theme/default/template/error/not_found.tpl on line 24
2018-05-14 2:23:27 - PHP Notice:  Undefined variable: footer in /var/www/www-root/data/www/eco-u.ru/catalog/view/theme/default/template/error/not_found.tpl on line 27
2018-05-14 2:28:47 - PHP Notice:  Undefined variable: header in /var/www/www-root/data/www/eco-u.ru/catalog/view/theme/default/template/error/not_found.tpl on line 1
2018-05-14 2:28:47 - PHP Notice:  Undefined variable: breadcrumbs in /var/www/www-root/data/www/eco-u.ru/catalog/view/theme/default/template/error/not_found.tpl on line 5
2018-05-14 2:28:47 - PHP Warning:  Invalid argument supplied for foreach() in /var/www/www-root/data/www/eco-u.ru/catalog/view/theme/default/template/error/not_found.tpl on line 5
2018-05-14 2:28:47 - PHP Notice:  Undefined variable: column_left in /var/www/www-root/data/www/eco-u.ru/catalog/view/theme/default/template/error/not_found.tpl on line 9
2018-05-14 2:28:47 - PHP Notice:  Undefined variable: column_left in /var/www/www-root/data/www/eco-u.ru/catalog/view/theme/default/template/error/not_found.tpl on line 10
2018-05-14 2:28:47 - PHP Notice:  Undefined variable: column_left in /var/www/www-root/data/www/eco-u.ru/catalog/view/theme/default/template/error/not_found.tpl on line 12
2018-05-14 2:28:47 - PHP Notice:  Undefined variable: column_right in /var/www/www-root/data/www/eco-u.ru/catalog/view/theme/default/template/error/not_found.tpl on line 12
2018-05-14 2:28:47 - PHP Notice:  Undefined variable: content_top in /var/www/www-root/data/www/eco-u.ru/catalog/view/theme/default/template/error/not_found.tpl on line 17
2018-05-14 2:28:47 - PHP Notice:  Undefined variable: heading_title in /var/www/www-root/data/www/eco-u.ru/catalog/view/theme/default/template/error/not_found.tpl on line 18
2018-05-14 2:28:47 - PHP Notice:  Undefined variable: text_error in /var/www/www-root/data/www/eco-u.ru/catalog/view/theme/default/template/error/not_found.tpl on line 19
2018-05-14 2:28:47 - PHP Notice:  Undefined variable: continue in /var/www/www-root/data/www/eco-u.ru/catalog/view/theme/default/template/error/not_found.tpl on line 21
2018-05-14 2:28:47 - PHP Notice:  Undefined variable: button_continue in /var/www/www-root/data/www/eco-u.ru/catalog/view/theme/default/template/error/not_found.tpl on line 21
2018-05-14 2:28:47 - PHP Notice:  Undefined variable: content_bottom in /var/www/www-root/data/www/eco-u.ru/catalog/view/theme/default/template/error/not_found.tpl on line 23
2018-05-14 2:28:47 - PHP Notice:  Undefined variable: column_right in /var/www/www-root/data/www/eco-u.ru/catalog/view/theme/default/template/error/not_found.tpl on line 24
2018-05-14 2:28:47 - PHP Notice:  Undefined variable: footer in /var/www/www-root/data/www/eco-u.ru/catalog/view/theme/default/template/error/not_found.tpl on line 27
2018-05-14 2:28:54 - PHP Notice:  Undefined variable: header in /var/www/www-root/data/www/eco-u.ru/catalog/view/theme/default/template/error/not_found.tpl on line 1
2018-05-14 2:28:54 - PHP Notice:  Undefined variable: breadcrumbs in /var/www/www-root/data/www/eco-u.ru/catalog/view/theme/default/template/error/not_found.tpl on line 5
2018-05-14 2:28:54 - PHP Warning:  Invalid argument supplied for foreach() in /var/www/www-root/data/www/eco-u.ru/catalog/view/theme/default/template/error/not_found.tpl on line 5
2018-05-14 2:28:54 - PHP Notice:  Undefined variable: column_left in /var/www/www-root/data/www/eco-u.ru/catalog/view/theme/default/template/error/not_found.tpl on line 9
2018-05-14 2:28:54 - PHP Notice:  Undefined variable: column_left in /var/www/www-root/data/www/eco-u.ru/catalog/view/theme/default/template/error/not_found.tpl on line 10
2018-05-14 2:28:54 - PHP Notice:  Undefined variable: column_left in /var/www/www-root/data/www/eco-u.ru/catalog/view/theme/default/template/error/not_found.tpl on line 12
2018-05-14 2:28:54 - PHP Notice:  Undefined variable: column_right in /var/www/www-root/data/www/eco-u.ru/catalog/view/theme/default/template/error/not_found.tpl on line 12
2018-05-14 2:28:54 - PHP Notice:  Undefined variable: content_top in /var/www/www-root/data/www/eco-u.ru/catalog/view/theme/default/template/error/not_found.tpl on line 17
2018-05-14 2:28:54 - PHP Notice:  Undefined variable: heading_title in /var/www/www-root/data/www/eco-u.ru/catalog/view/theme/default/template/error/not_found.tpl on line 18
2018-05-14 2:28:54 - PHP Notice:  Undefined variable: text_error in /var/www/www-root/data/www/eco-u.ru/catalog/view/theme/default/template/error/not_found.tpl on line 19
2018-05-14 2:28:54 - PHP Notice:  Undefined variable: continue in /var/www/www-root/data/www/eco-u.ru/catalog/view/theme/default/template/error/not_found.tpl on line 21
2018-05-14 2:28:54 - PHP Notice:  Undefined variable: button_continue in /var/www/www-root/data/www/eco-u.ru/catalog/view/theme/default/template/error/not_found.tpl on line 21
2018-05-14 2:28:54 - PHP Notice:  Undefined variable: content_bottom in /var/www/www-root/data/www/eco-u.ru/catalog/view/theme/default/template/error/not_found.tpl on line 23
2018-05-14 2:28:54 - PHP Notice:  Undefined variable: column_right in /var/www/www-root/data/www/eco-u.ru/catalog/view/theme/default/template/error/not_found.tpl on line 24
2018-05-14 2:28:54 - PHP Notice:  Undefined variable: footer in /var/www/www-root/data/www/eco-u.ru/catalog/view/theme/default/template/error/not_found.tpl on line 27
2018-05-14 7:39:12 - PHP Notice:  Undefined index: title in /var/www/www-root/data/www/eco-u.ru/catalog/controller/ajax/index.php on line 788
2018-05-14 7:39:12 - PHP Notice:  Undefined index: title in /var/www/www-root/data/www/eco-u.ru/catalog/controller/ajax/index.php on line 788
2018-05-14 7:39:12 - PHP Notice:  Undefined index: title in /var/www/www-root/data/www/eco-u.ru/catalog/controller/ajax/index.php on line 788
2018-05-14 7:39:24 - PHP Notice:  Undefined property: stdClass::$mkad in /var/www/www-root/data/www/eco-u.ru/catalog/controller/ajax/index.php on line 1000
2018-05-14 9:11:33 - PHP Notice:  Undefined variable: header in /var/www/www-root/data/www/eco-u.ru/catalog/view/theme/default/template/error/not_found.tpl on line 1
2018-05-14 9:11:33 - PHP Notice:  Undefined variable: breadcrumbs in /var/www/www-root/data/www/eco-u.ru/catalog/view/theme/default/template/error/not_found.tpl on line 5
2018-05-14 9:11:33 - PHP Warning:  Invalid argument supplied for foreach() in /var/www/www-root/data/www/eco-u.ru/catalog/view/theme/default/template/error/not_found.tpl on line 5
2018-05-14 9:11:33 - PHP Notice:  Undefined variable: column_left in /var/www/www-root/data/www/eco-u.ru/catalog/view/theme/default/template/error/not_found.tpl on line 9
2018-05-14 9:11:33 - PHP Notice:  Undefined variable: column_left in /var/www/www-root/data/www/eco-u.ru/catalog/view/theme/default/template/error/not_found.tpl on line 10
2018-05-14 9:11:33 - PHP Notice:  Undefined variable: column_left in /var/www/www-root/data/www/eco-u.ru/catalog/view/theme/default/template/error/not_found.tpl on line 12
2018-05-14 9:11:33 - PHP Notice:  Undefined variable: column_right in /var/www/www-root/data/www/eco-u.ru/catalog/view/theme/default/template/error/not_found.tpl on line 12
2018-05-14 9:11:33 - PHP Notice:  Undefined variable: content_top in /var/www/www-root/data/www/eco-u.ru/catalog/view/theme/default/template/error/not_found.tpl on line 17
2018-05-14 9:11:33 - PHP Notice:  Undefined variable: heading_title in /var/www/www-root/data/www/eco-u.ru/catalog/view/theme/default/template/error/not_found.tpl on line 18
2018-05-14 9:11:33 - PHP Notice:  Undefined variable: text_error in /var/www/www-root/data/www/eco-u.ru/catalog/view/theme/default/template/error/not_found.tpl on line 19
2018-05-14 9:11:33 - PHP Notice:  Undefined variable: continue in /var/www/www-root/data/www/eco-u.ru/catalog/view/theme/default/template/error/not_found.tpl on line 21
2018-05-14 9:11:33 - PHP Notice:  Undefined variable: button_continue in /var/www/www-root/data/www/eco-u.ru/catalog/view/theme/default/template/error/not_found.tpl on line 21
2018-05-14 9:11:33 - PHP Notice:  Undefined variable: content_bottom in /var/www/www-root/data/www/eco-u.ru/catalog/view/theme/default/template/error/not_found.tpl on line 23
2018-05-14 9:11:33 - PHP Notice:  Undefined variable: column_right in /var/www/www-root/data/www/eco-u.ru/catalog/view/theme/default/template/error/not_found.tpl on line 24
2018-05-14 9:11:33 - PHP Notice:  Undefined variable: footer in /var/www/www-root/data/www/eco-u.ru/catalog/view/theme/default/template/error/not_found.tpl on line 27
2018-05-14 9:34:40 - PHP Notice:  Undefined index: title in /var/www/www-root/data/www/eco-u.ru/catalog/controller/ajax/index.php on line 788
2018-05-14 9:34:40 - PHP Notice:  Undefined index: title in /var/www/www-root/data/www/eco-u.ru/catalog/controller/ajax/index.php on line 788
2018-05-14 9:34:40 - PHP Notice:  Undefined index: title in /var/www/www-root/data/www/eco-u.ru/catalog/controller/ajax/index.php on line 788
2018-05-14 9:37:14 - PHP Notice:  Undefined property: stdClass::$mkad in /var/www/www-root/data/www/eco-u.ru/catalog/controller/ajax/index.php on line 1000
2018-05-14 9:41:45 - PHP Notice:  Undefined index: path in /var/www/www-root/data/www/eco-u.ru/catalog/controller/extension/module/featured.php on line 89
2018-05-14 9:41:45 - PHP Notice:  Undefined index: path in /var/www/www-root/data/www/eco-u.ru/catalog/controller/extension/module/featured.php on line 89
2018-05-14 9:41:45 - PHP Notice:  Undefined index: path in /var/www/www-root/data/www/eco-u.ru/catalog/controller/extension/module/featured.php on line 89
2018-05-14 9:41:45 - PHP Notice:  Undefined index: path in /var/www/www-root/data/www/eco-u.ru/catalog/controller/extension/module/featured.php on line 89
2018-05-14 9:41:45 - PHP Notice:  Undefined index: path in /var/www/www-root/data/www/eco-u.ru/catalog/controller/extension/module/featured.php on line 89
2018-05-14 9:41:45 - PHP Notice:  Undefined index: path in /var/www/www-root/data/www/eco-u.ru/catalog/controller/extension/module/featured.php on line 89
2018-05-14 9:41:45 - PHP Notice:  Undefined index: path in /var/www/www-root/data/www/eco-u.ru/catalog/controller/extension/module/featured.php on line 89
2018-05-14 9:41:45 - PHP Notice:  Undefined index: path in /var/www/www-root/data/www/eco-u.ru/catalog/controller/extension/module/featured.php on line 89
2018-05-14 9:42:38 - PHP Notice:  Undefined index: title in /var/www/www-root/data/www/eco-u.ru/catalog/controller/ajax/index.php on line 788
2018-05-14 9:42:38 - PHP Notice:  Undefined index: title in /var/www/www-root/data/www/eco-u.ru/catalog/controller/ajax/index.php on line 788
2018-05-14 9:42:38 - PHP Notice:  Undefined index: title in /var/www/www-root/data/www/eco-u.ru/catalog/controller/ajax/index.php on line 788
2018-05-14 9:42:46 - PHP Notice:  Undefined property: stdClass::$mkad in /var/www/www-root/data/www/eco-u.ru/catalog/controller/ajax/index.php on line 1000
2018-05-14 9:58:32 - PHP Notice:  Undefined index: title in /var/www/www-root/data/www/eco-u.ru/catalog/controller/ajax/index.php on line 788
2018-05-14 9:58:32 - PHP Notice:  Undefined index: title in /var/www/www-root/data/www/eco-u.ru/catalog/controller/ajax/index.php on line 788
2018-05-14 9:58:32 - PHP Notice:  Undefined index: title in /var/www/www-root/data/www/eco-u.ru/catalog/controller/ajax/index.php on line 788
2018-05-14 9:59:46 - PHP Notice:  Undefined property: stdClass::$mkad in /var/www/www-root/data/www/eco-u.ru/catalog/controller/ajax/index.php on line 1000
2018-05-14 10:16:42 - PHP Notice:  Undefined index: title in /var/www/www-root/data/www/eco-u.ru/catalog/controller/ajax/index.php on line 788
2018-05-14 10:16:42 - PHP Notice:  Undefined index: title in /var/www/www-root/data/www/eco-u.ru/catalog/controller/ajax/index.php on line 788
2018-05-14 10:16:42 - PHP Notice:  Undefined index: title in /var/www/www-root/data/www/eco-u.ru/catalog/controller/ajax/index.php on line 788
2018-05-14 10:17:14 - PHP Notice:  Undefined property: stdClass::$mkad in /var/www/www-root/data/www/eco-u.ru/catalog/controller/ajax/index.php on line 1000
2018-05-14 10:20:21 - PHP Notice:  Undefined index: path in /var/www/www-root/data/www/eco-u.ru/catalog/controller/extension/module/featured.php on line 89
2018-05-14 10:20:21 - PHP Notice:  Undefined index: path in /var/www/www-root/data/www/eco-u.ru/catalog/controller/extension/module/featured.php on line 89
2018-05-14 10:20:21 - PHP Notice:  Undefined index: path in /var/www/www-root/data/www/eco-u.ru/catalog/controller/extension/module/featured.php on line 89
2018-05-14 10:20:21 - PHP Notice:  Undefined index: path in /var/www/www-root/data/www/eco-u.ru/catalog/controller/extension/module/featured.php on line 89
2018-05-14 10:20:21 - PHP Notice:  Undefined index: path in /var/www/www-root/data/www/eco-u.ru/catalog/controller/extension/module/featured.php on line 89
2018-05-14 10:20:21 - PHP Notice:  Undefined index: path in /var/www/www-root/data/www/eco-u.ru/catalog/controller/extension/module/featured.php on line 89
2018-05-14 10:20:21 - PHP Notice:  Undefined index: path in /var/www/www-root/data/www/eco-u.ru/catalog/controller/extension/module/featured.php on line 89
2018-05-14 10:20:21 - PHP Notice:  Undefined index: path in /var/www/www-root/data/www/eco-u.ru/catalog/controller/extension/module/featured.php on line 89
2018-05-14 10:27:32 - PHP Notice:  Undefined variable: store_url in /var/www/www-root/data/www/eco-u.ru/system/storage/modification/admin/view/template/sale/order_list.tpl on line 269
2018-05-14 10:27:32 - PHP Notice:  Undefined variable: prefix in /var/www/www-root/data/www/eco-u.ru/system/storage/modification/admin/view/template/sale/order_list.tpl on line 269
2018-05-14 10:27:32 - PHP Notice:  Undefined variable: store_url in /var/www/www-root/data/www/eco-u.ru/system/storage/modification/admin/view/template/sale/order_list.tpl on line 287
2018-05-14 10:27:32 - PHP Notice:  Undefined variable: api_key in /var/www/www-root/data/www/eco-u.ru/system/storage/modification/admin/view/template/sale/order_list.tpl on line 289
2018-05-14 10:27:32 - PHP Notice:  Undefined variable: store_url in /var/www/www-root/data/www/eco-u.ru/system/storage/modification/admin/view/template/sale/order_list.tpl on line 304
2018-05-14 10:33:37 - PHP Notice:  Undefined index: data in /var/www/www-root/data/www/eco-u.ru/catalog/controller/ajax/index.php on line 1603
2018-05-14 10:33:37 - PHP Notice:  Undefined index: data in /var/www/www-root/data/www/eco-u.ru/catalog/controller/ajax/index.php on line 1604
2018-05-14 10:33:37 - PHP Notice:  Undefined index: data in /var/www/www-root/data/www/eco-u.ru/catalog/controller/ajax/index.php on line 1606
2018-05-14 10:37:10 - PHP Notice:  Undefined variable: header in /var/www/www-root/data/www/eco-u.ru/catalog/view/theme/default/template/error/not_found.tpl on line 1
2018-05-14 10:37:10 - PHP Notice:  Undefined variable: breadcrumbs in /var/www/www-root/data/www/eco-u.ru/catalog/view/theme/default/template/error/not_found.tpl on line 5
2018-05-14 10:37:10 - PHP Warning:  Invalid argument supplied for foreach() in /var/www/www-root/data/www/eco-u.ru/catalog/view/theme/default/template/error/not_found.tpl on line 5
2018-05-14 10:37:10 - PHP Notice:  Undefined variable: column_left in /var/www/www-root/data/www/eco-u.ru/catalog/view/theme/default/template/error/not_found.tpl on line 9
2018-05-14 10:37:10 - PHP Notice:  Undefined variable: column_left in /var/www/www-root/data/www/eco-u.ru/catalog/view/theme/default/template/error/not_found.tpl on line 10
2018-05-14 10:37:10 - PHP Notice:  Undefined variable: column_left in /var/www/www-root/data/www/eco-u.ru/catalog/view/theme/default/template/error/not_found.tpl on line 12
2018-05-14 10:37:10 - PHP Notice:  Undefined variable: column_right in /var/www/www-root/data/www/eco-u.ru/catalog/view/theme/default/template/error/not_found.tpl on line 12
2018-05-14 10:37:10 - PHP Notice:  Undefined variable: content_top in /var/www/www-root/data/www/eco-u.ru/catalog/view/theme/default/template/error/not_found.tpl on line 17
2018-05-14 10:37:10 - PHP Notice:  Undefined variable: heading_title in /var/www/www-root/data/www/eco-u.ru/catalog/view/theme/default/template/error/not_found.tpl on line 18
2018-05-14 10:37:10 - PHP Notice:  Undefined variable: text_error in /var/www/www-root/data/www/eco-u.ru/catalog/view/theme/default/template/error/not_found.tpl on line 19
2018-05-14 10:37:10 - PHP Notice:  Undefined variable: continue in /var/www/www-root/data/www/eco-u.ru/catalog/view/theme/default/template/error/not_found.tpl on line 21
2018-05-14 10:37:10 - PHP Notice:  Undefined variable: button_continue in /var/www/www-root/data/www/eco-u.ru/catalog/view/theme/default/template/error/not_found.tpl on line 21
2018-05-14 10:37:10 - PHP Notice:  Undefined variable: content_bottom in /var/www/www-root/data/www/eco-u.ru/catalog/view/theme/default/template/error/not_found.tpl on line 23
2018-05-14 10:37:10 - PHP Notice:  Undefined variable: column_right in /var/www/www-root/data/www/eco-u.ru/catalog/view/theme/default/template/error/not_found.tpl on line 24
2018-05-14 10:37:10 - PHP Notice:  Undefined variable: footer in /var/www/www-root/data/www/eco-u.ru/catalog/view/theme/default/template/error/not_found.tpl on line 27
2018-05-14 10:57:48 - PHP Notice:  Undefined index: path in /var/www/www-root/data/www/eco-u.ru/catalog/controller/extension/module/featured.php on line 89
2018-05-14 10:57:48 - PHP Notice:  Undefined index: path in /var/www/www-root/data/www/eco-u.ru/catalog/controller/extension/module/featured.php on line 89
2018-05-14 10:57:48 - PHP Notice:  Undefined index: path in /var/www/www-root/data/www/eco-u.ru/catalog/controller/extension/module/featured.php on line 89
2018-05-14 10:57:48 - PHP Notice:  Undefined index: path in /var/www/www-root/data/www/eco-u.ru/catalog/controller/extension/module/featured.php on line 89
2018-05-14 10:57:48 - PHP Notice:  Undefined index: path in /var/www/www-root/data/www/eco-u.ru/catalog/controller/extension/module/featured.php on line 89
2018-05-14 10:57:48 - PHP Notice:  Undefined index: path in /var/www/www-root/data/www/eco-u.ru/catalog/controller/extension/module/featured.php on line 89
2018-05-14 10:57:48 - PHP Notice:  Undefined index: path in /var/www/www-root/data/www/eco-u.ru/catalog/controller/extension/module/featured.php on line 89
2018-05-14 10:57:48 - PHP Notice:  Undefined index: path in /var/www/www-root/data/www/eco-u.ru/catalog/controller/extension/module/featured.php on line 89
